2024-03-15 09:31:38,464 - Namespace(data_dir='./data/', output_dir='output/', data_name='LastFM', do_eval=False, load_model=None, train_name='Mar-15-2024_09-31-38', num_items=10, num_users=1091, lr=0.001, batch_size=256, epochs=200, no_cuda=False, log_freq=1, patience=10, num_workers=4, seed=42, weight_decay=0.0, adam_beta1=0.9, adam_beta2=0.999, gpu_id='0', variance=5, model_type='bsarec', max_seq_length=50, hidden_size=64, num_hidden_layers=2, hidden_act='gelu', num_attention_heads=1, attention_probs_dropout_prob=0.5, hidden_dropout_prob=0.5, initializer_range=0.02, c=3, alpha=0.9, cuda_condition=False, data_file='./data/LastFM.txt', item_size=3647, checkpoint_path='output/Mar-15-2024_09-31-38.pt', same_target_path='./data/LastFM_same_target.npy')
2024-03-15 09:31:38,497 - BSARecModel(
  (item_embeddings): Embedding(3647, 64, padding_idx=0)
  (position_embeddings): Embedding(50, 64)
  (LayerNorm): LayerNorm()
  (dropout): Dropout(p=0.5, inplace=False)
  (item_encoder): BSARecEncoder(
    (blocks): ModuleList(
      (0-1): 2 x BSARecBlock(
        (layer): BSARecLayer(
          (filter_layer): FrequencyLayer(
            (out_dropout): Dropout(p=0.5, inplace=False)
            (LayerNorm): LayerNorm()
          )
          (attention_layer): MultiHeadAttention(
            (query): Linear(in_features=64, out_features=64, bias=True)
            (key): Linear(in_features=64, out_features=64, bias=True)
            (value): Linear(in_features=64, out_features=64, bias=True)
            (softmax): Softmax(dim=-1)
            (attn_dropout): Dropout(p=0.5, inplace=False)
            (dense): Linear(in_features=64, out_features=64, bias=True)
            (LayerNorm): LayerNorm((64,), eps=1e-12, elementwise_affine=True)
            (out_dropout): Dropout(p=0.5, inplace=False)
          )
        )
        (feed_forward): FeedForward(
          (dense_1): Linear(in_features=64, out_features=256, bias=True)
          (dense_2): Linear(in_features=256, out_features=64, bias=True)
          (LayerNorm): LayerNorm()
          (dropout): Dropout(p=0.5, inplace=False)
        )
      )
    )
  )
)
2024-03-15 09:31:38,758 - Total Parameters: 337088
2024-03-15 09:31:51,042 - {'epoch': 0, 'rec_loss': '7.9857'}
2024-03-15 09:31:51,916 - {'Epoch': 0, 'HR@5': '0.0193', 'NDCG@5': '0.0128', 'HR@10': '0.0330', 'NDCG@10': '0.0173', 'HR@20': '0.0633', 'NDCG@20': '0.0249'}
2024-03-15 09:31:51,919 - Validation score increased.  Saving model ...
2024-03-15 09:32:04,605 - {'epoch': 1, 'rec_loss': '7.6973'}
2024-03-15 09:32:05,649 - {'Epoch': 1, 'HR@5': '0.0193', 'NDCG@5': '0.0118', 'HR@10': '0.0349', 'NDCG@10': '0.0169', 'HR@20': '0.0523', 'NDCG@20': '0.0212'}
2024-03-15 09:32:05,650 - EarlyStopping counter: 1 out of 10
2024-03-15 09:32:18,720 - {'epoch': 2, 'rec_loss': '7.5183'}
2024-03-15 09:32:19,748 - {'Epoch': 2, 'HR@5': '0.0202', 'NDCG@5': '0.0146', 'HR@10': '0.0330', 'NDCG@10': '0.0189', 'HR@20': '0.0569', 'NDCG@20': '0.0249'}
2024-03-15 09:32:19,755 - EarlyStopping counter: 2 out of 10
2024-03-15 09:32:32,462 - {'epoch': 3, 'rec_loss': '7.3401'}
2024-03-15 09:32:33,188 - {'Epoch': 3, 'HR@5': '0.0321', 'NDCG@5': '0.0195', 'HR@10': '0.0477', 'NDCG@10': '0.0245', 'HR@20': '0.0688', 'NDCG@20': '0.0297'}
2024-03-15 09:32:33,189 - Validation score increased.  Saving model ...
2024-03-15 09:32:43,384 - {'epoch': 4, 'rec_loss': '7.1675'}
2024-03-15 09:32:44,381 - {'Epoch': 4, 'HR@5': '0.0321', 'NDCG@5': '0.0229', 'HR@10': '0.0523', 'NDCG@10': '0.0294', 'HR@20': '0.0798', 'NDCG@20': '0.0364'}
2024-03-15 09:32:44,382 - Validation score increased.  Saving model ...
2024-03-15 09:32:57,100 - {'epoch': 5, 'rec_loss': '6.9994'}
2024-03-15 09:32:58,029 - {'Epoch': 5, 'HR@5': '0.0431', 'NDCG@5': '0.0275', 'HR@10': '0.0651', 'NDCG@10': '0.0345', 'HR@20': '0.0936', 'NDCG@20': '0.0416'}
2024-03-15 09:32:58,032 - Validation score increased.  Saving model ...
2024-03-15 09:33:10,818 - {'epoch': 6, 'rec_loss': '6.8088'}
2024-03-15 09:33:11,761 - {'Epoch': 6, 'HR@5': '0.0477', 'NDCG@5': '0.0300', 'HR@10': '0.0688', 'NDCG@10': '0.0366', 'HR@20': '0.0991', 'NDCG@20': '0.0442'}
2024-03-15 09:33:11,764 - Validation score increased.  Saving model ...
2024-03-15 09:33:24,730 - {'epoch': 7, 'rec_loss': '6.6214'}
2024-03-15 09:33:25,596 - {'Epoch': 7, 'HR@5': '0.0440', 'NDCG@5': '0.0269', 'HR@10': '0.0679', 'NDCG@10': '0.0345', 'HR@20': '0.1018', 'NDCG@20': '0.0430'}
2024-03-15 09:33:25,597 - EarlyStopping counter: 1 out of 10
2024-03-15 09:33:38,466 - {'epoch': 8, 'rec_loss': '6.4484'}
2024-03-15 09:33:39,430 - {'Epoch': 8, 'HR@5': '0.0550', 'NDCG@5': '0.0333', 'HR@10': '0.0807', 'NDCG@10': '0.0415', 'HR@20': '0.1046', 'NDCG@20': '0.0474'}
2024-03-15 09:33:39,432 - Validation score increased.  Saving model ...
2024-03-15 09:33:51,307 - {'epoch': 9, 'rec_loss': '6.2848'}
2024-03-15 09:33:52,046 - {'Epoch': 9, 'HR@5': '0.0486', 'NDCG@5': '0.0304', 'HR@10': '0.0761', 'NDCG@10': '0.0394', 'HR@20': '0.1092', 'NDCG@20': '0.0478'}
2024-03-15 09:33:52,047 - Validation score increased.  Saving model ...
2024-03-15 09:34:03,461 - {'epoch': 10, 'rec_loss': '6.1374'}
2024-03-15 09:34:04,463 - {'Epoch': 10, 'HR@5': '0.0468', 'NDCG@5': '0.0321', 'HR@10': '0.0761', 'NDCG@10': '0.0416', 'HR@20': '0.1138', 'NDCG@20': '0.0510'}
2024-03-15 09:34:04,464 - Validation score increased.  Saving model ...
2024-03-15 09:34:17,806 - {'epoch': 11, 'rec_loss': '6.0156'}
2024-03-15 09:34:18,852 - {'Epoch': 11, 'HR@5': '0.0514', 'NDCG@5': '0.0325', 'HR@10': '0.0743', 'NDCG@10': '0.0399', 'HR@20': '0.1239', 'NDCG@20': '0.0523'}
2024-03-15 09:34:18,854 - Validation score increased.  Saving model ...
2024-03-15 09:34:32,302 - {'epoch': 12, 'rec_loss': '5.9175'}
2024-03-15 09:34:33,173 - {'Epoch': 12, 'HR@5': '0.0523', 'NDCG@5': '0.0339', 'HR@10': '0.0853', 'NDCG@10': '0.0445', 'HR@20': '0.1284', 'NDCG@20': '0.0552'}
2024-03-15 09:34:33,177 - Validation score increased.  Saving model ...
2024-03-15 09:34:46,924 - {'epoch': 13, 'rec_loss': '5.8090'}
2024-03-15 09:34:47,807 - {'Epoch': 13, 'HR@5': '0.0514', 'NDCG@5': '0.0351', 'HR@10': '0.0844', 'NDCG@10': '0.0458', 'HR@20': '0.1156', 'NDCG@20': '0.0536'}
2024-03-15 09:34:47,808 - EarlyStopping counter: 1 out of 10
2024-03-15 09:35:00,628 - {'epoch': 14, 'rec_loss': '5.7259'}
2024-03-15 09:35:01,309 - {'Epoch': 14, 'HR@5': '0.0505', 'NDCG@5': '0.0338', 'HR@10': '0.0917', 'NDCG@10': '0.0471', 'HR@20': '0.1266', 'NDCG@20': '0.0558'}
2024-03-15 09:35:01,312 - Validation score increased.  Saving model ...
2024-03-15 09:35:11,947 - {'epoch': 15, 'rec_loss': '5.6575'}
2024-03-15 09:35:12,840 - {'Epoch': 15, 'HR@5': '0.0550', 'NDCG@5': '0.0380', 'HR@10': '0.0881', 'NDCG@10': '0.0486', 'HR@20': '0.1312', 'NDCG@20': '0.0595'}
2024-03-15 09:35:12,841 - Validation score increased.  Saving model ...
2024-03-15 09:35:25,809 - {'epoch': 16, 'rec_loss': '5.5857'}
2024-03-15 09:35:26,809 - {'Epoch': 16, 'HR@5': '0.0596', 'NDCG@5': '0.0394', 'HR@10': '0.0890', 'NDCG@10': '0.0487', 'HR@20': '0.1339', 'NDCG@20': '0.0600'}
2024-03-15 09:35:26,811 - Validation score increased.  Saving model ...
2024-03-15 09:35:39,577 - {'epoch': 17, 'rec_loss': '5.5218'}
2024-03-15 09:35:40,475 - {'Epoch': 17, 'HR@5': '0.0615', 'NDCG@5': '0.0394', 'HR@10': '0.0890', 'NDCG@10': '0.0482', 'HR@20': '0.1367', 'NDCG@20': '0.0601'}
2024-03-15 09:35:40,480 - Validation score increased.  Saving model ...
2024-03-15 09:35:53,262 - {'epoch': 18, 'rec_loss': '5.4696'}
2024-03-15 09:35:54,250 - {'Epoch': 18, 'HR@5': '0.0624', 'NDCG@5': '0.0411', 'HR@10': '0.0853', 'NDCG@10': '0.0484', 'HR@20': '0.1339', 'NDCG@20': '0.0606'}
2024-03-15 09:35:54,251 - Validation score increased.  Saving model ...
2024-03-15 09:36:06,897 - {'epoch': 19, 'rec_loss': '5.4482'}
2024-03-15 09:36:07,878 - {'Epoch': 19, 'HR@5': '0.0596', 'NDCG@5': '0.0378', 'HR@10': '0.0945', 'NDCG@10': '0.0491', 'HR@20': '0.1422', 'NDCG@20': '0.0608'}
2024-03-15 09:36:07,892 - Validation score increased.  Saving model ...
2024-03-15 09:36:19,255 - {'epoch': 20, 'rec_loss': '5.3969'}
2024-03-15 09:36:19,987 - {'Epoch': 20, 'HR@5': '0.0578', 'NDCG@5': '0.0392', 'HR@10': '0.0817', 'NDCG@10': '0.0471', 'HR@20': '0.1358', 'NDCG@20': '0.0607'}
2024-03-15 09:36:19,988 - EarlyStopping counter: 1 out of 10
2024-03-15 09:36:31,937 - {'epoch': 21, 'rec_loss': '5.3490'}
2024-03-15 09:36:32,880 - {'Epoch': 21, 'HR@5': '0.0606', 'NDCG@5': '0.0407', 'HR@10': '0.0936', 'NDCG@10': '0.0513', 'HR@20': '0.1367', 'NDCG@20': '0.0621'}
2024-03-15 09:36:32,881 - Validation score increased.  Saving model ...
2024-03-15 09:36:45,907 - {'epoch': 22, 'rec_loss': '5.3185'}
2024-03-15 09:36:46,927 - {'Epoch': 22, 'HR@5': '0.0587', 'NDCG@5': '0.0397', 'HR@10': '0.0890', 'NDCG@10': '0.0494', 'HR@20': '0.1349', 'NDCG@20': '0.0609'}
2024-03-15 09:36:46,942 - EarlyStopping counter: 1 out of 10
2024-03-15 09:36:59,765 - {'epoch': 23, 'rec_loss': '5.2890'}
2024-03-15 09:37:00,781 - {'Epoch': 23, 'HR@5': '0.0587', 'NDCG@5': '0.0402', 'HR@10': '0.0899', 'NDCG@10': '0.0500', 'HR@20': '0.1376', 'NDCG@20': '0.0620'}
2024-03-15 09:37:00,787 - EarlyStopping counter: 2 out of 10
2024-03-15 09:37:14,443 - {'epoch': 24, 'rec_loss': '5.2575'}
2024-03-15 09:37:15,388 - {'Epoch': 24, 'HR@5': '0.0606', 'NDCG@5': '0.0412', 'HR@10': '0.0853', 'NDCG@10': '0.0492', 'HR@20': '0.1339', 'NDCG@20': '0.0615'}
2024-03-15 09:37:15,398 - EarlyStopping counter: 3 out of 10
2024-03-15 09:37:28,692 - {'epoch': 25, 'rec_loss': '5.2365'}
2024-03-15 09:37:29,434 - {'Epoch': 25, 'HR@5': '0.0633', 'NDCG@5': '0.0424', 'HR@10': '0.0917', 'NDCG@10': '0.0516', 'HR@20': '0.1367', 'NDCG@20': '0.0629'}
2024-03-15 09:37:29,439 - Validation score increased.  Saving model ...
2024-03-15 09:37:39,799 - {'epoch': 26, 'rec_loss': '5.2030'}
2024-03-15 09:37:40,735 - {'Epoch': 26, 'HR@5': '0.0651', 'NDCG@5': '0.0439', 'HR@10': '0.0954', 'NDCG@10': '0.0536', 'HR@20': '0.1376', 'NDCG@20': '0.0643'}
2024-03-15 09:37:40,736 - Validation score increased.  Saving model ...
2024-03-15 09:37:53,572 - {'epoch': 27, 'rec_loss': '5.1848'}
2024-03-15 09:37:54,474 - {'Epoch': 27, 'HR@5': '0.0624', 'NDCG@5': '0.0414', 'HR@10': '0.0881', 'NDCG@10': '0.0495', 'HR@20': '0.1358', 'NDCG@20': '0.0617'}
2024-03-15 09:37:54,483 - EarlyStopping counter: 1 out of 10
2024-03-15 09:38:07,475 - {'epoch': 28, 'rec_loss': '5.1749'}
2024-03-15 09:38:08,248 - {'Epoch': 28, 'HR@5': '0.0624', 'NDCG@5': '0.0425', 'HR@10': '0.0908', 'NDCG@10': '0.0516', 'HR@20': '0.1385', 'NDCG@20': '0.0637'}
2024-03-15 09:38:08,249 - EarlyStopping counter: 2 out of 10
2024-03-15 09:38:21,224 - {'epoch': 29, 'rec_loss': '5.1480'}
2024-03-15 09:38:22,148 - {'Epoch': 29, 'HR@5': '0.0670', 'NDCG@5': '0.0439', 'HR@10': '0.0927', 'NDCG@10': '0.0522', 'HR@20': '0.1385', 'NDCG@20': '0.0636'}
2024-03-15 09:38:22,152 - EarlyStopping counter: 3 out of 10
2024-03-15 09:38:35,287 - {'epoch': 30, 'rec_loss': '5.1223'}
2024-03-15 09:38:36,126 - {'Epoch': 30, 'HR@5': '0.0615', 'NDCG@5': '0.0426', 'HR@10': '0.0908', 'NDCG@10': '0.0522', 'HR@20': '0.1385', 'NDCG@20': '0.0642'}
2024-03-15 09:38:36,127 - EarlyStopping counter: 4 out of 10
2024-03-15 09:38:48,001 - {'epoch': 31, 'rec_loss': '5.1076'}
2024-03-15 09:38:48,655 - {'Epoch': 31, 'HR@5': '0.0596', 'NDCG@5': '0.0422', 'HR@10': '0.0954', 'NDCG@10': '0.0536', 'HR@20': '0.1404', 'NDCG@20': '0.0649'}
2024-03-15 09:38:48,657 - Validation score increased.  Saving model ...
2024-03-15 09:39:00,493 - {'epoch': 32, 'rec_loss': '5.0900'}
2024-03-15 09:39:01,607 - {'Epoch': 32, 'HR@5': '0.0642', 'NDCG@5': '0.0433', 'HR@10': '0.0917', 'NDCG@10': '0.0522', 'HR@20': '0.1413', 'NDCG@20': '0.0646'}
2024-03-15 09:39:01,608 - EarlyStopping counter: 1 out of 10
2024-03-15 09:39:14,411 - {'epoch': 33, 'rec_loss': '5.0832'}
2024-03-15 09:39:15,421 - {'Epoch': 33, 'HR@5': '0.0633', 'NDCG@5': '0.0424', 'HR@10': '0.0908', 'NDCG@10': '0.0511', 'HR@20': '0.1422', 'NDCG@20': '0.0640'}
2024-03-15 09:39:15,423 - EarlyStopping counter: 2 out of 10
2024-03-15 09:39:28,361 - {'epoch': 34, 'rec_loss': '5.0540'}
2024-03-15 09:39:29,440 - {'Epoch': 34, 'HR@5': '0.0642', 'NDCG@5': '0.0424', 'HR@10': '0.0927', 'NDCG@10': '0.0515', 'HR@20': '0.1404', 'NDCG@20': '0.0637'}
2024-03-15 09:39:29,442 - EarlyStopping counter: 3 out of 10
2024-03-15 09:39:42,070 - {'epoch': 35, 'rec_loss': '5.0539'}
2024-03-15 09:39:43,066 - {'Epoch': 35, 'HR@5': '0.0725', 'NDCG@5': '0.0466', 'HR@10': '0.1018', 'NDCG@10': '0.0560', 'HR@20': '0.1404', 'NDCG@20': '0.0656'}
2024-03-15 09:39:43,067 - Validation score increased.  Saving model ...
2024-03-15 09:39:55,901 - {'epoch': 36, 'rec_loss': '5.0474'}
2024-03-15 09:39:56,802 - {'Epoch': 36, 'HR@5': '0.0697', 'NDCG@5': '0.0448', 'HR@10': '0.0954', 'NDCG@10': '0.0531', 'HR@20': '0.1367', 'NDCG@20': '0.0635'}
2024-03-15 09:39:56,803 - EarlyStopping counter: 1 out of 10
2024-03-15 09:40:07,175 - {'epoch': 37, 'rec_loss': '5.0189'}
2024-03-15 09:40:07,739 - {'Epoch': 37, 'HR@5': '0.0688', 'NDCG@5': '0.0455', 'HR@10': '0.0927', 'NDCG@10': '0.0532', 'HR@20': '0.1413', 'NDCG@20': '0.0653'}
2024-03-15 09:40:07,740 - EarlyStopping counter: 2 out of 10
2024-03-15 09:40:20,490 - {'epoch': 38, 'rec_loss': '5.0093'}
2024-03-15 09:40:21,416 - {'Epoch': 38, 'HR@5': '0.0661', 'NDCG@5': '0.0443', 'HR@10': '0.0917', 'NDCG@10': '0.0527', 'HR@20': '0.1404', 'NDCG@20': '0.0649'}
2024-03-15 09:40:21,424 - EarlyStopping counter: 3 out of 10
2024-03-15 09:40:34,839 - {'epoch': 39, 'rec_loss': '4.9964'}
2024-03-15 09:40:35,752 - {'Epoch': 39, 'HR@5': '0.0661', 'NDCG@5': '0.0444', 'HR@10': '0.1009', 'NDCG@10': '0.0556', 'HR@20': '0.1440', 'NDCG@20': '0.0663'}
2024-03-15 09:40:35,770 - Validation score increased.  Saving model ...
2024-03-15 09:40:48,781 - {'epoch': 40, 'rec_loss': '4.9847'}
2024-03-15 09:40:49,746 - {'Epoch': 40, 'HR@5': '0.0697', 'NDCG@5': '0.0445', 'HR@10': '0.1000', 'NDCG@10': '0.0544', 'HR@20': '0.1422', 'NDCG@20': '0.0648'}
2024-03-15 09:40:49,751 - EarlyStopping counter: 1 out of 10
2024-03-15 09:41:02,504 - {'epoch': 41, 'rec_loss': '4.9619'}
2024-03-15 09:41:03,439 - {'Epoch': 41, 'HR@5': '0.0661', 'NDCG@5': '0.0444', 'HR@10': '0.1037', 'NDCG@10': '0.0566', 'HR@20': '0.1440', 'NDCG@20': '0.0668'}
2024-03-15 09:41:03,446 - Validation score increased.  Saving model ...
2024-03-15 09:41:15,583 - {'epoch': 42, 'rec_loss': '4.9592'}
2024-03-15 09:41:16,363 - {'Epoch': 42, 'HR@5': '0.0670', 'NDCG@5': '0.0438', 'HR@10': '0.1046', 'NDCG@10': '0.0558', 'HR@20': '0.1404', 'NDCG@20': '0.0648'}
2024-03-15 09:41:16,370 - EarlyStopping counter: 1 out of 10
2024-03-15 09:41:26,081 - {'epoch': 43, 'rec_loss': '4.9428'}
2024-03-15 09:41:26,628 - {'Epoch': 43, 'HR@5': '0.0679', 'NDCG@5': '0.0444', 'HR@10': '0.0991', 'NDCG@10': '0.0544', 'HR@20': '0.1459', 'NDCG@20': '0.0661'}
2024-03-15 09:41:26,632 - EarlyStopping counter: 2 out of 10
2024-03-15 09:41:38,649 - {'epoch': 44, 'rec_loss': '4.9266'}
2024-03-15 09:41:39,573 - {'Epoch': 44, 'HR@5': '0.0661', 'NDCG@5': '0.0421', 'HR@10': '0.0945', 'NDCG@10': '0.0511', 'HR@20': '0.1450', 'NDCG@20': '0.0636'}
2024-03-15 09:41:39,588 - EarlyStopping counter: 3 out of 10
2024-03-15 09:41:52,436 - {'epoch': 45, 'rec_loss': '4.9139'}
2024-03-15 09:41:53,286 - {'Epoch': 45, 'HR@5': '0.0670', 'NDCG@5': '0.0435', 'HR@10': '0.0927', 'NDCG@10': '0.0519', 'HR@20': '0.1413', 'NDCG@20': '0.0640'}
2024-03-15 09:41:53,287 - EarlyStopping counter: 4 out of 10
2024-03-15 09:42:06,002 - {'epoch': 46, 'rec_loss': '4.9107'}
2024-03-15 09:42:06,971 - {'Epoch': 46, 'HR@5': '0.0679', 'NDCG@5': '0.0452', 'HR@10': '0.1000', 'NDCG@10': '0.0554', 'HR@20': '0.1413', 'NDCG@20': '0.0658'}
2024-03-15 09:42:06,973 - EarlyStopping counter: 5 out of 10
2024-03-15 09:42:19,685 - {'epoch': 47, 'rec_loss': '4.9003'}
2024-03-15 09:42:20,536 - {'Epoch': 47, 'HR@5': '0.0679', 'NDCG@5': '0.0434', 'HR@10': '0.0963', 'NDCG@10': '0.0526', 'HR@20': '0.1523', 'NDCG@20': '0.0666'}
2024-03-15 09:42:20,538 - EarlyStopping counter: 6 out of 10
2024-03-15 09:42:33,378 - {'epoch': 48, 'rec_loss': '4.8818'}
2024-03-15 09:42:34,289 - {'Epoch': 48, 'HR@5': '0.0688', 'NDCG@5': '0.0424', 'HR@10': '0.1037', 'NDCG@10': '0.0536', 'HR@20': '0.1422', 'NDCG@20': '0.0633'}
2024-03-15 09:42:34,290 - EarlyStopping counter: 7 out of 10
2024-03-15 09:42:44,586 - {'epoch': 49, 'rec_loss': '4.8800'}
2024-03-15 09:42:45,120 - {'Epoch': 49, 'HR@5': '0.0688', 'NDCG@5': '0.0459', 'HR@10': '0.0972', 'NDCG@10': '0.0550', 'HR@20': '0.1413', 'NDCG@20': '0.0663'}
2024-03-15 09:42:45,121 - EarlyStopping counter: 8 out of 10
2024-03-15 09:42:57,651 - {'epoch': 50, 'rec_loss': '4.8678'}
2024-03-15 09:42:58,591 - {'Epoch': 50, 'HR@5': '0.0679', 'NDCG@5': '0.0430', 'HR@10': '0.0991', 'NDCG@10': '0.0529', 'HR@20': '0.1486', 'NDCG@20': '0.0654'}
2024-03-15 09:42:58,597 - EarlyStopping counter: 9 out of 10
2024-03-15 09:43:12,067 - {'epoch': 51, 'rec_loss': '4.8693'}
2024-03-15 09:43:12,801 - {'Epoch': 51, 'HR@5': '0.0633', 'NDCG@5': '0.0448', 'HR@10': '0.0972', 'NDCG@10': '0.0558', 'HR@20': '0.1413', 'NDCG@20': '0.0667'}
2024-03-15 09:43:12,802 - EarlyStopping counter: 10 out of 10
2024-03-15 09:43:12,802 - Early stopping
2024-03-15 09:43:12,803 - ---------------Test Score---------------
2024-03-15 09:43:13,664 - {'Epoch': 0, 'HR@5': '0.0440', 'NDCG@5': '0.0300', 'HR@10': '0.0606', 'NDCG@10': '0.0353', 'HR@20': '0.1055', 'NDCG@20': '0.0465'}
2024-03-15 09:43:13,670 - Mar-15-2024_09-31-38
2024-03-15 09:43:13,670 - {'Epoch': 0, 'HR@5': '0.0440', 'NDCG@5': '0.0300', 'HR@10': '0.0606', 'NDCG@10': '0.0353', 'HR@20': '0.1055', 'NDCG@20': '0.0465'}
